<?xml version="1.0" encoding="UTF-8"?>
<testsuite xmlns:xsi="http://www.w3.org/2001/XMLSchema-instance" xsi:noNamespaceSchemaLocation="https://maven.apache.org/surefire/maven-surefire-plugin/xsd/surefire-test-report.xsd" name="src.AppTest" time="0.046" tests="30" errors="0" skipped="0" failures="0">
  <properties>
    <property name="java.specification.version" value="17"/>
    <property name="sun.jnu.encoding" value="ANSI_X3.4-1968"/>
    <property name="java.class.path" value="/home/jainav/Work/ST/algorithms/target/test-classes:/home/jainav/Work/ST/algorithms/target/classes:/home/jainav/.m2/repository/junit/junit/4.11/junit-4.11.jar:/home/jainav/.m2/repository/org/hamcrest/hamcrest-core/1.3/hamcrest-core-1.3.jar:"/>
    <property name="java.vm.vendor" value="Debian"/>
    <property name="sun.arch.data.model" value="64"/>
    <property name="java.vendor.url" value="https://tracker.debian.org/openjdk-17"/>
    <property name="os.name" value="Linux"/>
    <property name="java.vm.specification.version" value="17"/>
    <property name="sun.java.launcher" value="SUN_STANDARD"/>
    <property name="user.country" value="US"/>
    <property name="sun.boot.library.path" value="/usr/lib/jvm/java-17-openjdk-amd64/lib"/>
    <property name="sun.java.command" value="/home/jainav/Work/ST/algorithms/target/surefire/surefirebooter4338950644129233778.jar /home/jainav/Work/ST/algorithms/target/surefire 2023-11-27T16-02-49_574-jvmRun1 surefire6501762947320896101tmp surefire_03147742103367429958tmp"/>
    <property name="jdk.debug" value="release"/>
    <property name="surefire.test.class.path" value="/home/jainav/Work/ST/algorithms/target/test-classes:/home/jainav/Work/ST/algorithms/target/classes:/home/jainav/.m2/repository/junit/junit/4.11/junit-4.11.jar:/home/jainav/.m2/repository/org/hamcrest/hamcrest-core/1.3/hamcrest-core-1.3.jar:"/>
    <property name="sun.cpu.endian" value="little"/>
    <property name="user.home" value="/home/jainav"/>
    <property name="user.language" value="en"/>
    <property name="java.specification.vendor" value="Oracle Corporation"/>
    <property name="java.version.date" value="2023-10-17"/>
    <property name="java.home" value="/usr/lib/jvm/java-17-openjdk-amd64"/>
    <property name="file.separator" value="/"/>
    <property name="basedir" value="/home/jainav/Work/ST/algorithms"/>
    <property name="java.vm.compressedOopsMode" value="Zero based"/>
    <property name="line.separator" value="&#10;"/>
    <property name="java.vm.specification.vendor" value="Oracle Corporation"/>
    <property name="java.specification.name" value="Java Platform API Specification"/>
    <property name="surefire.real.class.path" value="/home/jainav/Work/ST/algorithms/target/surefire/surefirebooter4338950644129233778.jar"/>
    <property name="sun.management.compiler" value="HotSpot 64-Bit Tiered Compilers"/>
    <property name="java.runtime.version" value="17.0.9+9-Debian-1deb12u1"/>
    <property name="user.name" value="jainav"/>
    <property name="path.separator" value=":"/>
    <property name="os.version" value="6.1.0-13-amd64"/>
    <property name="java.runtime.name" value="OpenJDK Runtime Environment"/>
    <property name="file.encoding" value="ANSI_X3.4-1968"/>
    <property name="java.vm.name" value="OpenJDK 64-Bit Server VM"/>
    <property name="localRepository" value="/home/jainav/.m2/repository"/>
    <property name="java.vendor.url.bug" value="https://bugs.debian.org/openjdk-17"/>
    <property name="java.io.tmpdir" value="/tmp"/>
    <property name="java.version" value="17.0.9"/>
    <property name="user.dir" value="/home/jainav/Work/ST/algorithms"/>
    <property name="os.arch" value="amd64"/>
    <property name="java.vm.specification.name" value="Java Virtual Machine Specification"/>
    <property name="native.encoding" value="ANSI_X3.4-1968"/>
    <property name="java.library.path" value="/usr/java/packages/lib:/usr/lib/x86_64-linux-gnu/jni:/lib/x86_64-linux-gnu:/usr/lib/x86_64-linux-gnu:/usr/lib/jni:/lib:/usr/lib"/>
    <property name="java.vm.info" value="mixed mode, sharing"/>
    <property name="java.vendor" value="Debian"/>
    <property name="java.vm.version" value="17.0.9+9-Debian-1deb12u1"/>
    <property name="sun.io.unicode.encoding" value="UnicodeLittle"/>
    <property name="java.class.version" value="61.0"/>
  </properties>
  <testcase name="TestZAlgorithm" classname="src.AppTest" time="0.002"/>
  <testcase name="testIsScramble" classname="src.AppTest" time="0"/>
  <testcase name="testAtMostNGivenDigitSet" classname="src.AppTest" time="0"/>
  <testcase name="testFindAllConcatenatedWordsInADict" classname="src.AppTest" time="0"/>
  <testcase name="TestEditDistance" classname="src.AppTest" time="0"/>
  <testcase name="TestRabinKarp" classname="src.AppTest" time="0"/>
  <testcase name="TestLSFP" classname="src.AppTest" time="0.002"/>
  <testcase name="TestLongestCommonPrefix" classname="src.AppTest" time="0"/>
  <testcase name="TestminPalPartition" classname="src.AppTest" time="0.001"/>
  <testcase name="TestpalindromePairs" classname="src.AppTest" time="0"/>
  <testcase name="TestManachersAlgorithm" classname="src.AppTest" time="0"/>
  <testcase name="TestLongestPrefixSuffix" classname="src.AppTest" time="0.001"/>
  <testcase name="TestminStickers" classname="src.AppTest" time="0"/>
  <testcase name="TestKMPAlgorithm" classname="src.AppTest" time="0"/>
  <testcase name="TestLongestRepeatingSubSeq" classname="src.AppTest" time="0"/>
  <testcase name="TestLongestPalindromicSubsequence" classname="src.AppTest" time="0.001"/>
  <testcase name="TestReverseVowel" classname="src.AppTest" time="0"/>
  <testcase name="TestLCS" classname="src.AppTest" time="0"/>
  <testcase name="TestLRR" classname="src.AppTest" time="0"/>
  <testcase name="TestLVP" classname="src.AppTest" time="0"/>
  <testcase name="testWordBreak1" classname="src.AppTest" time="0.001"/>
  <testcase name="testWordBreak2" classname="src.AppTest" time="0.002"/>
  <testcase name="TestKVowelWords" classname="src.AppTest" time="0"/>
  <testcase name="TestkSimilarity" classname="src.AppTest" time="0"/>
  <testcase name="TestBoyerMoore" classname="src.AppTest" time="0"/>
  <testcase name="TestWildcardPattern" classname="src.AppTest" time="0"/>
  <testcase name="TestSequenceAlignment" classname="src.AppTest" time="0.001"/>
  <testcase name="TestRepeatedStringMatch" classname="src.AppTest" time="0"/>
  <testcase name="TestSparseSearch" classname="src.AppTest" time="0"/>
  <testcase name="TestShortestCommonSequence" classname="src.AppTest" time="0"/>
</testsuite>